<?xml version="1.0" encoding="UTF-8"?>
<!-- Generated by org.testng.reporters.JUnitReportReporter -->
<testsuite hostname="Itctesting19" failures="0" tests="1" name="testng_excel.regtestexc" time="15.496" errors="0" timestamp="2022-07-08T11:53:11 GMT+05:30" skipped="0">
  <testcase classname="testng_excel.regtestexc" name="contact" time="15.496"/>
  <system-out/>
</testsuite> <!-- testng_excel.regtestexc -->
