<?xml version="1.0" encoding="UTF-8"?>
<!-- Generated by org.testng.reporters.JUnitReportReporter -->
<testsuite hostname="Itctesting19" failures="0" tests="1" name="testng_excel.bokngtestexc" time="16.891" errors="0" timestamp="2022-07-08T12:02:37 GMT+05:30" skipped="0">
  <testcase classname="testng_excel.bokngtestexc" name="contact" time="16.891"/>
  <system-out/>
</testsuite> <!-- testng_excel.bokngtestexc -->
