<?xml version="1.0" encoding="UTF-8"?>
<!-- Generated by org.testng.reporters.JUnitReportReporter -->
<testsuite hostname="Itctesting19" failures="0" tests="2" name="dpproject.Contact" time="23.575" errors="0" timestamp="2022-07-09T21:07:56 GMT+05:30" skipped="0">
  <testcase classname="dpproject.Contact" name="test" time="11.647"/>
  <system-out/>
  <testcase classname="dpproject.Contact" name="test" time="11.928"/>
  <system-out/>
</testsuite> <!-- dpproject.Contact -->
