<?xml version="1.0" encoding="UTF-8"?>
<!-- Generated by org.testng.reporters.JUnitReportReporter -->
<testsuite hostname="Itctesting19" failures="0" tests="2" name="dpproject.Regis" time="26.375" errors="0" timestamp="2022-07-09T21:07:56 GMT+05:30" skipped="0">
  <testcase classname="dpproject.Regis" name="test" time="13.025"/>
  <system-out/>
  <testcase classname="dpproject.Regis" name="test" time="13.350"/>
  <system-out/>
</testsuite> <!-- dpproject.Regis -->
