<?xml version="1.0" encoding="UTF-8"?>
<!-- Generated by org.testng.reporters.JUnitReportReporter -->
<testsuite hostname="Itctesting19" failures="0" tests="2" name="dpproject.Bookng" time="34.734" errors="0" timestamp="2022-07-09T21:07:56 GMT+05:30" skipped="0">
  <testcase classname="dpproject.Bookng" name="test" time="17.326"/>
  <system-out/>
  <testcase classname="dpproject.Bookng" name="test" time="17.408"/>
  <system-out/>
</testsuite> <!-- dpproject.Bookng -->
