<?xml version="1.0" encoding="UTF-8"?>
<!-- Generated by org.testng.reporters.JUnitReportReporter -->
<testsuite hostname="Itctesting19" failures="0" tests="2" name="dpproject.Login" time="20.071" errors="0" timestamp="2022-07-09T21:07:56 GMT+05:30" skipped="0">
  <testcase classname="dpproject.Login" name="test" time="10.567"/>
  <system-out/>
  <testcase classname="dpproject.Login" name="test" time="9.504"/>
  <system-out/>
</testsuite> <!-- dpproject.Login -->
