<?xml version="1.0" encoding="UTF-8"?>
<!-- Generated by org.testng.reporters.JUnitReportReporter -->
<testsuite hostname="Itctesting19" failures="0" tests="1" name="dataprovider.login" time="12.107" errors="0" timestamp="2022-07-08T12:43:21 GMT+05:30" skipped="0">
  <testcase classname="dataprovider.login" name="login" time="12.107"/>
  <system-out/>
</testsuite> <!-- dataprovider.login -->
