<?xml version="1.0" encoding="UTF-8"?>
<!-- Generated by org.testng.reporters.JUnitReportReporter -->
<testsuite hostname="Itctesting19" failures="0" tests="1" name="testng_excel.logtest_exc" time="10.662" errors="0" timestamp="2022-07-08T11:44:46 GMT+05:30" skipped="0">
  <testcase classname="testng_excel.logtest_exc" name="login" time="10.662"/>
  <system-out/>
</testsuite> <!-- testng_excel.logtest_exc -->
