<?xml version="1.0" encoding="UTF-8"?>
<!-- Generated by org.testng.reporters.JUnitReportReporter -->
<testsuite hostname="Itctesting19" failures="0" tests="1" name="testng_codesofbike_gal.regtest" time="12.719" errors="0" timestamp="2022-07-08T21:43:02 GMT+05:30" skipped="0">
  <testcase classname="testng_codesofbike_gal.regtest" name="reg" time="12.719"/>
  <system-out/>
</testsuite> <!-- testng_codesofbike_gal.regtest -->
